<?xml version="1.0" encoding="UTF-8"?>
<!-- Generated by org.testng.reporters.JUnitXMLReporter -->
<testsuite ignored="1" hostname="Ibrahims-MacBook-Air.local" failures="0" tests="1" name="E-Commerce Chrome" time="76.95" errors="0" timestamp="18 Nov 2017 23:38:19 GMT">
  <testcase classname="base.CommonAPI" name="@BeforeMethod setUp" time="76.739">
    <failure type="org.openqa.selenium.remote.UnreachableBrowserException" message="Could not start a new session. Possible causes are invalid address of the remote server or browser start-up failure.
Build info: version: &amp;apos;3.5.3&amp;apos;, revision: &amp;apos;a88d25fe6b&amp;apos;, time: &amp;apos;2017-08-29T12:42:44.417Z&amp;apos;
System info: host: &amp;apos;Ibrahims-MacBook-Air.local&amp;apos;, ip: &amp;apos;2604:2000:a088:d600:e41c:60b9:b356:803f%en0&amp;apos;, os.name: &amp;apos;Mac OS X&amp;apos;, os.arch: &amp;apos;x86_64&amp;apos;, os.version: &amp;apos;10.12.6&amp;apos;, java.version: &amp;apos;9.0.1&amp;apos;
Driver info: driver.version: RemoteWebDriver">
      <![CDATA[org.openqa.selenium.remote.UnreachableBrowserException: Could not start a new session. Possible causes are invalid address of the remote server or browser start-up failure.
Build info: version: '3.5.3', revision: 'a88d25fe6b', time: '2017-08-29T12:42:44.417Z'
System info: host: 'Ibrahims-MacBook-Air.local', ip: '2604:2000:a088:d600:e41c:60b9:b356:803f%en0', os.name: 'Mac OS X', os.arch: 'x86_64', os.version: '10.12.6', java.version: '9.0.1'
Driver info: driver.version: RemoteWebDriver
	at org.openqa.selenium.remote.RemoteWebDriver.execute(RemoteWebDriver.java:667)
	at org.openqa.selenium.remote.RemoteWebDriver.startSession(RemoteWebDriver.java:255)
	at org.openqa.selenium.remote.RemoteWebDriver.startSession(RemoteWebDriver.java:237)
	at org.openqa.selenium.remote.RemoteWebDriver.<init>(RemoteWebDriver.java:138)
	at org.openqa.selenium.remote.RemoteWebDriver.<init>(RemoteWebDriver.java:175)
	at base.CommonAPI.getGridDriver(CommonAPI.java:208)
	at base.CommonAPI.setUp(CommonAPI.java:78)
	at java.base/java.util.concurrent.FutureTask.run(FutureTask.java:264)
	at java.base/java.util.concurrent.ThreadPoolExecutor.runWorker(ThreadPoolExecutor.java:1167)
	at java.base/java.util.concurrent.ThreadPoolExecutor$Worker.run(ThreadPoolExecutor.java:641)
	at java.base/java.lang.Thread.run(Thread.java:844)
Caused by: org.apache.http.conn.HttpHostConnectException: Connect to 172.17.0.3:5555 [/172.17.0.3] failed: Operation timed out (Connection timed out)
	at org.apache.http.impl.conn.DefaultHttpClientConnectionOperator.connect(DefaultHttpClientConnectionOperator.java:159)
	at org.apache.http.impl.conn.PoolingHttpClientConnectionManager.connect(PoolingHttpClientConnectionManager.java:359)
	at org.apache.http.impl.execchain.MainClientExec.establishRoute(MainClientExec.java:381)
	at org.apache.http.impl.execchain.MainClientExec.execute(MainClientExec.java:237)
	at org.apache.http.impl.execchain.ProtocolExec.execute(ProtocolExec.java:185)
	at org.apache.http.impl.execchain.RetryExec.execute(RetryExec.java:89)
	at org.apache.http.impl.execchain.RedirectExec.execute(RedirectExec.java:111)
	at org.apache.http.impl.client.InternalHttpClient.doExecute(InternalHttpClient.java:185)
	at org.apache.http.impl.client.CloseableHttpClient.execute(CloseableHttpClient.java:72)
	at org.apache.http.impl.client.CloseableHttpClient.execute(CloseableHttpClient.java:56)
	at org.openqa.selenium.remote.internal.ApacheHttpClient.fallBackExecute(ApacheHttpClient.java:139)
	at org.openqa.selenium.remote.internal.ApacheHttpClient.execute(ApacheHttpClient.java:87)
	at org.openqa.selenium.remote.ProtocolHandshake.createSession(ProtocolHandshake.java:337)
	at org.openqa.selenium.remote.ProtocolHandshake.createSession(ProtocolHandshake.java:136)
	at org.openqa.selenium.remote.HttpCommandExecutor.execute(HttpCommandExecutor.java:142)
	at org.openqa.selenium.remote.RemoteWebDriver.execute(RemoteWebDriver.java:646)
	... 28 more
Caused by: java.net.ConnectException: Operation timed out (Connection timed out)
	at java.base/java.net.PlainSocketImpl.socketConnect(Native Method)
	at java.base/java.net.AbstractPlainSocketImpl.doConnect(AbstractPlainSocketImpl.java:400)
	at java.base/java.net.AbstractPlainSocketImpl.connectToAddress(AbstractPlainSocketImpl.java:243)
	at java.base/java.net.AbstractPlainSocketImpl.connect(AbstractPlainSocketImpl.java:225)
	at java.base/java.net.SocksSocketImpl.connect(SocksSocketImpl.java:402)
	at java.base/java.net.Socket.connect(Socket.java:591)
	at org.apache.http.conn.socket.PlainConnectionSocketFactory.connectSocket(PlainConnectionSocketFactory.java:75)
	at org.apache.http.impl.conn.DefaultHttpClientConnectionOperator.connect(DefaultHttpClientConnectionOperator.java:142)
	... 43 more
... Removed 18 stack frames]]>
    </failure>
  </testcase> <!-- @BeforeMethod setUp -->
  <testcase classname="test.Main" name="loginAndChangePasswordThenLogOut" time="0.0">
    <skipped/>
  </testcase> <!-- loginAndChangePasswordThenLogOut -->
  <testcase classname="test.Main" name="shopFromWomenCategoryAndCheckOut" time="0.0">
    <ignored/>
  </testcase> <!-- shopFromWomenCategoryAndCheckOut -->
</testsuite> <!-- E-Commerce Chrome -->
