<?xml version="1.0" encoding="UTF-8"?>
<testng-results skipped="0" failed="0" ignored="0" total="0" passed="0">
  <reporter-output>
  </reporter-output>
  <suite name="E-Commerce Automation" duration-ms="3" started-at="2017-11-09T17:43:29Z" finished-at="2017-11-09T17:43:29Z">
    <groups>
    </groups>
    <test name="E-commerce Chrome" duration-ms="3" started-at="2017-11-09T17:43:29Z" finished-at="2017-11-09T17:43:29Z">
      <class name="test.Main">
        <test-method status="PASS" signature="startExtentReporting()[pri:0, instance:test.Main@55f3ddb1]" name="startExtentReporting" is-config="true" duration-ms="194" started-at="2017-11-09T12:43:28Z" finished-at="2017-11-09T12:43:29Z">
          <reporter-output>
          </reporter-output>
        </test-method> <!-- startExtentReporting -->
        <test-method status="PASS" signature="EndExtentReporting()[pri:0, instance:test.Main@55f3ddb1]" name="EndExtentReporting" is-config="true" duration-ms="3" started-at="2017-11-09T12:43:34Z" finished-at="2017-11-09T12:43:34Z">
          <reporter-output>
          </reporter-output>
        </test-method> <!-- EndExtentReporting -->
      </class> <!-- test.Main -->
    </test> <!-- E-commerce Chrome -->
  </suite> <!-- E-Commerce Automation -->
</testng-results>
